<?xml version="1.0" encoding="UTF-8"?>
<!-- Generated by org.testng.reporters.JUnitReportReporter -->
<testsuite skipped="0" hostname="LAPTOP-R9KIGTRO" name="com.automation.test.automation_test.AppTest" tests="1" failures="0" timestamp="2020-07-22T12:47:49 IST" time="0.003" errors="0">
  <testcase name="testApp" time="0.003" classname="com.automation.test.automation_test.AppTest"/>
</testsuite> <!-- com.automation.test.automation_test.AppTest -->
