<?xml version="1.0" encoding="UTF-8"?>
<!-- Generated by org.testng.reporters.JUnitReportReporter -->
<testsuite skipped="0" hostname="LAPTOP-R9KIGTRO" name="com.automation.test.automation_test.TestNgTest" tests="4" failures="0" timestamp="2020-07-23T13:05:55 IST" time="25.930" errors="0">
  <testcase name="click_signin_button" time="7.614" classname="com.automation.test.automation_test.TestNgTest"/>
  <testcase name="create_account" time="4.648" classname="com.automation.test.automation_test.TestNgTest"/>
  <testcase name="registration" time="10.444" classname="com.automation.test.automation_test.TestNgTest"/>
  <testcase name="check_correct_names" time="3.224" classname="com.automation.test.automation_test.TestNgTest"/>
</testsuite> <!-- com.automation.test.automation_test.TestNgTest -->
