<?xml version="1.0" encoding="UTF-8"?>
<!-- Generated by org.testng.reporters.JUnitReportReporter -->
<testsuite skipped="0" hostname="LAPTOP-R9KIGTRO" name="com.automation.test.automation_test.TestNgTest" tests="6" failures="0" timestamp="2020-07-22T18:03:17 IST" time="16.589" errors="0">
  <testcase name="f" time="0.010" classname="com.automation.test.automation_test.TestNgTest"/>
  <testcase name="f" time="0.014" classname="com.automation.test.automation_test.TestNgTest"/>
  <testcase name="clicksignin" time="4.806" classname="com.automation.test.automation_test.TestNgTest"/>
  <testcase name="createaccount" time="3.874" classname="com.automation.test.automation_test.TestNgTest"/>
  <testcase name="register" time="7.816" classname="com.automation.test.automation_test.TestNgTest"/>
  <testcase name="checknames" time="0.069" classname="com.automation.test.automation_test.TestNgTest"/>
</testsuite> <!-- com.automation.test.automation_test.TestNgTest -->
